{"/Users/ninamckenzie/Documents/Repos/filevault/src/azure-blob/index.js": {"path":"/Users/ninamckenzie/Documents/Repos/filevault/src/azure-blob/index.js","statementMap":{"0":{"start":{"line":1,"column":16},"end":{"line":1,"column":34}},"1":{"start":{"line":2,"column":15},"end":{"line":2,"column":32}},"2":{"start":{"line":3,"column":11},"end":{"line":3,"column":24}},"3":{"start":{"line":4,"column":13},"end":{"line":4,"column":28}},"4":{"start":{"line":5,"column":0},"end":{"line":5,"column":27}},"5":{"start":{"line":7,"column":58},"end":{"line":7,"column":88}},"6":{"start":{"line":9,"column":12},"end":{"line":9,"column":21}},"7":{"start":{"line":10,"column":13},"end":{"line":10,"column":37}},"8":{"start":{"line":12,"column":15},"end":{"line":12,"column":43}},"9":{"start":{"line":14,"column":28},"end":{"line":17,"column":1}},"10":{"start":{"line":19,"column":26},"end":{"line":22,"column":1}},"11":{"start":{"line":24,"column":24},"end":{"line":24,"column":94}},"12":{"start":{"line":26,"column":22},"end":{"line":26,"column":40}},"13":{"start":{"line":28,"column":22},"end":{"line":34,"column":1}},"14":{"start":{"line":29,"column":4},"end":{"line":32,"column":5}},"15":{"start":{"line":30,"column":21},"end":{"line":30,"column":51}},"16":{"start":{"line":31,"column":8},"end":{"line":31,"column":32}},"17":{"start":{"line":33,"column":4},"end":{"line":33,"column":14}},"18":{"start":{"line":36,"column":22},"end":{"line":38,"column":1}},"19":{"start":{"line":37,"column":4},"end":{"line":37,"column":68}},"20":{"start":{"line":40,"column":12},"end":{"line":40,"column":27}},"21":{"start":{"line":42,"column":0},"end":{"line":42,"column":56}},"22":{"start":{"line":43,"column":0},"end":{"line":43,"column":24}},"23":{"start":{"line":45,"column":0},"end":{"line":70,"column":3}},"24":{"start":{"line":46,"column":21},"end":{"line":46,"column":34}},"25":{"start":{"line":47,"column":4},"end":{"line":49,"column":5}},"26":{"start":{"line":48,"column":8},"end":{"line":48,"column":62}},"27":{"start":{"line":51,"column":4},"end":{"line":69,"column":5}},"28":{"start":{"line":52,"column":8},"end":{"line":66,"column":9}},"29":{"start":{"line":53,"column":29},"end":{"line":53,"column":46}},"30":{"start":{"line":54,"column":36},"end":{"line":54,"column":80}},"31":{"start":{"line":56,"column":12},"end":{"line":56,"column":60}},"32":{"start":{"line":57,"column":12},"end":{"line":57,"column":41}},"33":{"start":{"line":59,"column":12},"end":{"line":59,"column":58}},"34":{"start":{"line":60,"column":12},"end":{"line":60,"column":33}},"35":{"start":{"line":62,"column":12},"end":{"line":62,"column":64}},"36":{"start":{"line":64,"column":12},"end":{"line":64,"column":56}},"37":{"start":{"line":65,"column":12},"end":{"line":65,"column":59}},"38":{"start":{"line":68,"column":8},"end":{"line":68,"column":50}},"39":{"start":{"line":72,"column":0},"end":{"line":74,"column":3}},"40":{"start":{"line":73,"column":4},"end":{"line":73,"column":20}},"41":{"start":{"line":76,"column":0},"end":{"line":91,"column":3}},"42":{"start":{"line":77,"column":20},"end":{"line":77,"column":34}},"43":{"start":{"line":79,"column":4},"end":{"line":90,"column":5}},"44":{"start":{"line":80,"column":32},"end":{"line":80,"column":75}},"45":{"start":{"line":81,"column":8},"end":{"line":81,"column":39}},"46":{"start":{"line":83,"column":8},"end":{"line":83,"column":59}},"47":{"start":{"line":83,"column":37},"end":{"line":83,"column":57}},"48":{"start":{"line":84,"column":8},"end":{"line":84,"column":29}},"49":{"start":{"line":86,"column":8},"end":{"line":86,"column":59}},"50":{"start":{"line":88,"column":8},"end":{"line":88,"column":51}},"51":{"start":{"line":89,"column":8},"end":{"line":89,"column":55}},"52":{"start":{"line":94,"column":0},"end":{"line":99,"column":1}},"53":{"start":{"line":95,"column":15},"end":{"line":95,"column":39}},"54":{"start":{"line":96,"column":2},"end":{"line":98,"column":5}},"55":{"start":{"line":97,"column":4},"end":{"line":97,"column":50}},"56":{"start":{"line":102,"column":0},"end":{"line":102,"column":21}}},"fnMap":{"0":{"name":"(anonymous_0)","decl":{"start":{"line":28,"column":22},"end":{"line":28,"column":23}},"loc":{"start":{"line":28,"column":28},"end":{"line":34,"column":1}},"line":28},"1":{"name":"(anonymous_1)","decl":{"start":{"line":36,"column":22},"end":{"line":36,"column":23}},"loc":{"start":{"line":36,"column":33},"end":{"line":38,"column":1}},"line":36},"2":{"name":"(anonymous_2)","decl":{"start":{"line":45,"column":43},"end":{"line":45,"column":44}},"loc":{"start":{"line":45,"column":63},"end":{"line":70,"column":1}},"line":45},"3":{"name":"(anonymous_3)","decl":{"start":{"line":72,"column":18},"end":{"line":72,"column":19}},"loc":{"start":{"line":72,"column":32},"end":{"line":74,"column":1}},"line":72},"4":{"name":"(anonymous_4)","decl":{"start":{"line":76,"column":26},"end":{"line":76,"column":27}},"loc":{"start":{"line":76,"column":46},"end":{"line":91,"column":1}},"line":76},"5":{"name":"(anonymous_5)","decl":{"start":{"line":83,"column":29},"end":{"line":83,"column":30}},"loc":{"start":{"line":83,"column":37},"end":{"line":83,"column":57}},"line":83},"6":{"name":"(anonymous_6)","decl":{"start":{"line":96,"column":19},"end":{"line":96,"column":20}},"loc":{"start":{"line":96,"column":25},"end":{"line":98,"column":3}},"line":96}},"branchMap":{"0":{"loc":{"start":{"line":10,"column":13},"end":{"line":10,"column":37}},"type":"binary-expr","locations":[{"start":{"line":10,"column":13},"end":{"line":10,"column":29}},{"start":{"line":10,"column":33},"end":{"line":10,"column":37}}],"line":10},"1":{"loc":{"start":{"line":29,"column":4},"end":{"line":32,"column":5}},"type":"if","locations":[{"start":{"line":29,"column":4},"end":{"line":32,"column":5}},{"start":{},"end":{}}],"line":29},"2":{"loc":{"start":{"line":47,"column":4},"end":{"line":49,"column":5}},"type":"if","locations":[{"start":{"line":47,"column":4},"end":{"line":49,"column":5}},{"start":{},"end":{}}],"line":47},"3":{"loc":{"start":{"line":51,"column":4},"end":{"line":69,"column":5}},"type":"if","locations":[{"start":{"line":51,"column":4},"end":{"line":69,"column":5}},{"start":{"line":67,"column":11},"end":{"line":69,"column":5}}],"line":51},"4":{"loc":{"start":{"line":94,"column":0},"end":{"line":99,"column":1}},"type":"if","locations":[{"start":{"line":94,"column":0},"end":{"line":99,"column":1}},{"start":{},"end":{}}],"line":94},"5":{"loc":{"start":{"line":95,"column":15},"end":{"line":95,"column":39}},"type":"binary-expr","locations":[{"start":{"line":95,"column":15},"end":{"line":95,"column":31}},{"start":{"line":95,"column":35},"end":{"line":95,"column":39}}],"line":95}},"s":{"0":5,"1":5,"2":5,"3":5,"4":5,"5":5,"6":5,"7":5,"8":5,"9":5,"10":5,"11":5,"12":5,"13":5,"14":5,"15":4,"16":4,"17":1,"18":5,"19":2,"20":5,"21":5,"22":5,"23":5,"24":3,"25":3,"26":1,"27":2,"28":2,"29":2,"30":2,"31":2,"32":1,"33":1,"34":1,"35":1,"36":1,"37":1,"38":0,"39":5,"40":2,"41":5,"42":2,"43":2,"44":2,"45":2,"46":1,"47":0,"48":1,"49":1,"50":1,"51":1,"52":5,"53":0,"54":0,"55":0,"56":5},"f":{"0":5,"1":2,"2":3,"3":2,"4":2,"5":0,"6":0},"b":{"0":[5,2],"1":[4,1],"2":[1,2],"3":[2,0],"4":[0,5],"5":[0,0]},"_coverageSchema":"1a1c01bbd47fc00a2c39e90264f33305004495a9","hash":"22ee7f6ddc55ca898c33718a699f433d1c867a05"}
}
