TN:
SF:index.js
FN:28,(anonymous_0)
FN:36,(anonymous_1)
FN:45,(anonymous_2)
FN:72,(anonymous_3)
FN:76,(anonymous_4)
FN:83,(anonymous_5)
FN:96,(anonymous_6)
FNF:7
FNH:5
FNDA:4,(anonymous_0)
FNDA:2,(anonymous_1)
FNDA:3,(anonymous_2)
FNDA:2,(anonymous_3)
FNDA:2,(anonymous_4)
FNDA:0,(anonymous_5)
FNDA:0,(anonymous_6)
DA:1,4
DA:2,4
DA:3,4
DA:4,4
DA:5,4
DA:7,4
DA:9,4
DA:10,4
DA:12,4
DA:14,4
DA:19,4
DA:24,4
DA:26,4
DA:28,4
DA:29,4
DA:30,4
DA:31,4
DA:33,0
DA:36,4
DA:37,2
DA:40,4
DA:42,4
DA:43,4
DA:45,4
DA:46,3
DA:47,3
DA:48,1
DA:51,2
DA:52,2
DA:53,2
DA:54,2
DA:56,2
DA:57,1
DA:59,1
DA:60,1
DA:62,1
DA:64,1
DA:65,1
DA:68,0
DA:72,4
DA:73,2
DA:76,4
DA:77,2
DA:79,2
DA:80,2
DA:81,2
DA:83,1
DA:84,1
DA:86,1
DA:88,1
DA:89,1
DA:94,4
DA:95,0
DA:96,0
DA:97,0
DA:102,4
LF:56
LH:51
BRDA:10,0,0,4
BRDA:10,0,1,2
BRDA:29,1,0,4
BRDA:29,1,1,0
BRDA:47,2,0,1
BRDA:47,2,1,2
BRDA:51,3,0,2
BRDA:51,3,1,0
BRDA:94,4,0,0
BRDA:94,4,1,4
BRDA:95,5,0,0
BRDA:95,5,1,0
BRF:12
BRH:7
end_of_record
